<?xml version="1.0" encoding="UTF-8"?>
<!-- Generated by org.testng.reporters.JUnitReportReporter -->
<testsuite hostname="DESKTOP-5GDB5GM" failures="0" tests="3" name="tests.CheckoutDataDrivenTest" time="72.613" errors="0" timestamp="2025-06-24T21:19:54 EDT" skipped="0">
  <testcase classname="tests.CheckoutDataDrivenTest" name="checkoutFormTest" time="23.570"/>
  <testcase classname="tests.CheckoutDataDrivenTest" name="checkoutFormTest" time="24.339"/>
  <testcase classname="tests.CheckoutDataDrivenTest" name="checkoutFormTest" time="24.704"/>
</testsuite> <!-- tests.CheckoutDataDrivenTest -->
