<?xml version="1.0" encoding="UTF-8"?>
<!-- Generated by org.testng.reporters.JUnitReportReporter -->
<testsuite hostname="DESKTOP-5GDB5GM" failures="0" tests="5" name="tests.InvalidCheckoutFormTest" time="116.239" errors="0" timestamp="2025-06-24T21:19:54 EDT" skipped="0">
  <testcase classname="tests.InvalidCheckoutFormTest" name="invalidCheckoutTest" time="23.266"/>
  <testcase classname="tests.InvalidCheckoutFormTest" name="invalidCheckoutTest" time="23.216"/>
  <testcase classname="tests.InvalidCheckoutFormTest" name="invalidCheckoutTest" time="23.124"/>
  <testcase classname="tests.InvalidCheckoutFormTest" name="invalidCheckoutTest" time="23.474"/>
  <testcase classname="tests.InvalidCheckoutFormTest" name="invalidCheckoutTest" time="23.159"/>
</testsuite> <!-- tests.InvalidCheckoutFormTest -->
