<?xml version="1.0" encoding="UTF-8"?>
<!-- Generated by org.testng.reporters.JUnitReportReporter -->
<testsuite hostname="DESKTOP-5GDB5GM" failures="0" tests="1" name="tests.AddToCartTest" time="24.390" errors="0" timestamp="2025-06-24T21:19:54 EDT" skipped="0">
  <testcase classname="tests.AddToCartTest" name="testAddToCart" time="24.390"/>
</testsuite> <!-- tests.AddToCartTest -->
