<?xml version="1.0" encoding="UTF-8"?>
<!-- Generated by org.testng.reporters.JUnitReportReporter -->
<testsuite hostname="DESKTOP-5GDB5GM" failures="0" tests="1" name="tests.AddToCartTest" time="24.650" errors="0" timestamp="2025-05-27T12:59:36 EDT" skipped="0">
  <testcase classname="tests.AddToCartTest" name="testAddToCart" time="24.650"/>
</testsuite> <!-- tests.AddToCartTest -->
