<?xml version="1.0" encoding="UTF-8"?>
<!-- Generated by org.testng.reporters.JUnitReportReporter -->
<testsuite hostname="DESKTOP-5GDB5GM" failures="0" tests="1" name="tests.CheckoutValidationTest" time="32.433" errors="0" timestamp="2025-06-10T16:37:09 EDT" skipped="0">
  <testcase classname="tests.CheckoutValidationTest" name="testEmptyCheckoutForm" time="32.433"/>
</testsuite> <!-- tests.CheckoutValidationTest -->
