<?xml version="1.0" encoding="UTF-8"?>
<!-- Generated by org.testng.reporters.JUnitReportReporter -->
<testsuite hostname="DESKTOP-5GDB5GM" failures="0" tests="1" name="tests.CheckoutValidationTest" time="25.546" errors="0" timestamp="2025-05-27T12:59:36 EDT" skipped="0">
  <testcase classname="tests.CheckoutValidationTest" name="testEmptyCheckoutForm" time="25.546"/>
</testsuite> <!-- tests.CheckoutValidationTest -->
