<?xml version="1.0" encoding="UTF-8"?>
<!-- Generated by org.testng.reporters.JUnitReportReporter -->
<testsuite hostname="DESKTOP-5GDB5GM" failures="0" tests="1" name="tests.AddToCartTest" time="31.711" errors="0" timestamp="2025-06-10T16:37:09 EDT" skipped="0">
  <testcase classname="tests.AddToCartTest" name="testAddToCart" time="31.711"/>
</testsuite> <!-- tests.AddToCartTest -->
