<?xml version="1.0" encoding="UTF-8"?>
<!-- Generated by org.testng.reporters.JUnitReportReporter -->
<testsuite hostname="DESKTOP-5GDB5GM" failures="0" tests="3" name="tests.LoginTest" time="39.745" errors="0" timestamp="2025-06-10T16:37:09 EDT" skipped="0">
  <testcase classname="tests.LoginTest" name="loginTest" time="15.495"/>
  <testcase classname="tests.LoginTest" name="loginTest" time="11.892"/>
  <testcase classname="tests.LoginTest" name="loginTest" time="12.358"/>
</testsuite> <!-- tests.LoginTest -->
