<?xml version="1.0" encoding="UTF-8"?>
<!-- Generated by org.testng.reporters.JUnitReportReporter -->
<testsuite hostname="DESKTOP-5GDB5GM" failures="0" tests="3" name="tests.LoginTest" time="25.792" errors="0" timestamp="2025-05-27T12:59:36 EDT" skipped="0">
  <testcase classname="tests.LoginTest" name="loginTest" time="8.411"/>
  <testcase classname="tests.LoginTest" name="loginTest" time="9.209"/>
  <testcase classname="tests.LoginTest" name="loginTest" time="8.172"/>
</testsuite> <!-- tests.LoginTest -->
