<?xml version="1.0" encoding="UTF-8"?>
<!-- Generated by org.testng.reporters.JUnitReportReporter -->
<testsuite hostname="DESKTOP-5GDB5GM" failures="0" tests="3" name="tests.LoginTest" time="24.936" errors="0" timestamp="2025-06-24T21:19:54 EDT" skipped="0">
  <testcase classname="tests.LoginTest" name="loginTest" time="7.654"/>
  <testcase classname="tests.LoginTest" name="loginTest" time="9.716"/>
  <testcase classname="tests.LoginTest" name="loginTest" time="7.566"/>
</testsuite> <!-- tests.LoginTest -->
