<?xml version="1.0" encoding="UTF-8"?>
<!-- Generated by org.testng.reporters.JUnitReportReporter -->
<testsuite hostname="DESKTOP-5GDB5GM" failures="0" tests="3" name="tests.CheckoutDataDrivenTest" time="96.239" errors="0" timestamp="2025-06-10T16:37:09 EDT" skipped="0">
  <testcase classname="tests.CheckoutDataDrivenTest" name="checkoutFormTest" time="31.911"/>
  <testcase classname="tests.CheckoutDataDrivenTest" name="checkoutFormTest" time="33.134"/>
  <testcase classname="tests.CheckoutDataDrivenTest" name="checkoutFormTest" time="31.194"/>
</testsuite> <!-- tests.CheckoutDataDrivenTest -->
